2025-12-09 16:48:04,146 - --------------------------------------------------
2025-12-09 16:48:04,147 - Namespace(cuda=True, dataset='douban-book', dataset_path='./dataset/', dataset_type='.txt', early_stop=10, embedding_size=64, encoder='MF', gcn_layer=3, gpu=0, learn_rate=0.001, log='None', reg_lambda=0.0001, seed=2023, sparsity_test=0, ssl_lambda=1.0, tau=0.28, test_batch_size=2048, test_frequency=1, top_K='[10, 20, 30, 40, 50]', train_batch_size=2048, train_epoch=600)
2025-12-09 16:48:18,800 - LightCCF(
  (activation): Sigmoid()
  (user_embedding): Embedding(13024, 64)
  (item_embedding): Embedding(22347, 64)
)
2025-12-09 16:48:18,800 - Adam (
Parameter Group 0
    amsgrad: False
    betas: (0.9, 0.999)
    capturable: False
    differentiable: False
    eps: 1e-08
    foreach: None
    fused: None
    lr: 0.001
    maximize: False
    weight_decay: 0
)
2025-12-09 16:48:22,689 - 	 Epoch:    1| train time 3.889| train loss: 8.402992=0.692764+2e-06+7.710225
2025-12-09 16:48:23,191 - 	 Recall:[0.0297251  0.04282869 0.05383462 0.0619304  0.06864745]
							 NDCG:  [0.03511674 0.03773007 0.04088322 0.0435852  0.04584809]
2025-12-09 16:48:26,492 - 	 Epoch:    2| train time 3.300| train loss: 7.842552=0.689882+4e-06+7.152666
2025-12-09 16:48:26,958 - 	 Recall:[0.0611308  0.08566631 0.10378478 0.11798254 0.12986537]
							 NDCG:  [0.07128818 0.07558595 0.08052719 0.08485757 0.08858942]
2025-12-09 16:48:30,434 - 	 Epoch:    3| train time 3.476| train loss: 7.70572=0.687733+6e-06+7.017981
2025-12-09 16:48:30,909 - 	 Recall:[0.07285634 0.10179503 0.12134715 0.13754703 0.15080675]
							 NDCG:  [0.08736167 0.09152827 0.09658833 0.10137879 0.105503  ]
2025-12-09 16:48:34,439 - 	 Epoch:    4| train time 3.527| train loss: 7.649371=0.685805+7e-06+6.963559
2025-12-09 16:48:34,910 - 	 Recall:[0.07853085 0.11037457 0.13227166 0.14875637 0.16201512]
							 NDCG:  [0.09600369 0.10058245 0.10600401 0.11071307 0.11488475]
2025-12-09 16:48:38,192 - 	 Epoch:    5| train time 3.282| train loss: 7.616529=0.683882+9e-06+6.932637
2025-12-09 16:48:38,655 - 	 Recall:[0.08394448 0.11587766 0.13605474 0.15414848 0.16869688]
							 NDCG:  [0.10284578 0.10659054 0.11138503 0.11652222 0.12091803]
2025-12-09 16:48:41,852 - 	 Epoch:    6| train time 3.197| train loss: 7.594513=0.681913+1.1e-05+6.912588
2025-12-09 16:48:42,311 - 	 Recall:[0.08632663 0.11988344 0.1415051  0.16002911 0.17470371]
							 NDCG:  [0.10755247 0.11113214 0.11620415 0.12147628 0.12591511]
2025-12-09 16:48:45,715 - 	 Epoch:    7| train time 3.404| train loss: 7.577656=0.679823+1.3e-05+6.89782
2025-12-09 16:48:46,175 - 	 Recall:[0.08888882 0.12310581 0.14536573 0.16393302 0.17825733]
							 NDCG:  [0.11132787 0.11505687 0.12009154 0.12534577 0.12976027]
2025-12-09 16:48:49,523 - 	 Epoch:    8| train time 3.347| train loss: 7.563992=0.677613+1.5e-05+6.886364
2025-12-09 16:48:49,983 - 	 Recall:[0.0915416  0.12680464 0.14997633 0.16908533 0.18396984]
							 NDCG:  [0.11473286 0.1184142  0.12376689 0.12903764 0.13347359]
2025-12-09 16:48:53,374 - 	 Epoch:    9| train time 3.390| train loss: 7.552581=0.675245+1.7e-05+6.877319
2025-12-09 16:48:53,842 - 	 Recall:[0.0937678  0.12947365 0.15308227 0.17215145 0.18754174]
							 NDCG:  [0.11850071 0.12181029 0.1270203  0.13226035 0.13678353]
2025-12-09 16:48:57,183 - 	 Epoch:   10| train time 3.340| train loss: 7.542449=0.672698+1.9e-05+6.869733
2025-12-09 16:48:57,657 - 	 Recall:[0.09528479 0.13223795 0.15659309 0.17532873 0.19127322]
							 NDCG:  [0.12072572 0.12428546 0.1297231  0.13481974 0.13954171]
2025-12-09 16:49:01,021 - 	 Epoch:   11| train time 3.364| train loss: 7.533148=0.669956+2.1e-05+6.86317
2025-12-09 16:49:01,494 - 	 Recall:[0.09771928 0.13384844 0.15968273 0.17812291 0.19446554]
							 NDCG:  [0.12420516 0.1270108  0.13271165 0.13773581 0.14252315]
2025-12-09 16:49:05,003 - 	 Epoch:   12| train time 3.508| train loss: 7.524583=0.66699+2.4e-05+6.857569
2025-12-09 16:49:05,470 - 	 Recall:[0.09955636 0.13665459 0.16261607 0.18129821 0.19664874]
							 NDCG:  [0.12710313 0.12977565 0.13542778 0.14055319 0.14500776]
2025-12-09 16:49:08,871 - 	 Epoch:   13| train time 3.401| train loss: 7.516399=0.66377+2.7e-05+6.852602
2025-12-09 16:49:09,342 - 	 Recall:[0.10136834 0.13834989 0.16486392 0.18421702 0.19947479]
							 NDCG:  [0.13038652 0.13261737 0.13840915 0.14360985 0.14806457]
2025-12-09 16:49:12,821 - 	 Epoch:   14| train time 3.480| train loss: 7.508264=0.66026+3e-05+6.847973
2025-12-09 16:49:13,298 - 	 Recall:[0.10304669 0.14180697 0.16768564 0.1869976  0.20232073]
							 NDCG:  [0.13414953 0.13648381 0.14184273 0.14702562 0.15156142]
2025-12-09 16:49:16,773 - 	 Epoch:   15| train time 3.475| train loss: 7.50022=0.656382+3.3e-05+6.843805
2025-12-09 16:49:17,415 - 	 Recall:[0.10482434 0.14333327 0.170039   0.18916489 0.20514898]
							 NDCG:  [0.13712026 0.13899394 0.14460482 0.14977673 0.15439952]
2025-12-09 16:49:20,867 - 	 Epoch:   16| train time 3.452| train loss: 7.491863=0.652179+3.7e-05+6.839647
2025-12-09 16:49:21,333 - 	 Recall:[0.10722715 0.14706772 0.17296783 0.19297286 0.20843821]
							 NDCG:  [0.14052734 0.14242525 0.14770821 0.15302846 0.15755386]
2025-12-09 16:49:24,810 - 	 Epoch:   17| train time 3.477| train loss: 7.484=0.647577+4.1e-05+6.836382
2025-12-09 16:49:25,280 - 	 Recall:[0.10924079 0.14813423 0.1757062  0.19503631 0.21120464]
							 NDCG:  [0.14370164 0.14468935 0.15034307 0.15541928 0.1601245 ]
2025-12-09 16:49:28,732 - 	 Epoch:   18| train time 3.452| train loss: 7.475317=0.642482+4.6e-05+6.83279
2025-12-09 16:49:29,208 - 	 Recall:[0.11195567 0.15082136 0.17898392 0.19917008 0.21496433]
							 NDCG:  [0.14693057 0.14742566 0.15312705 0.15846175 0.16303797]
2025-12-09 16:49:32,744 - 	 Epoch:   19| train time 3.536| train loss: 7.466367=0.636905+5.1e-05+6.829411
2025-12-09 16:49:33,216 - 	 Recall:[0.11328712 0.15380834 0.18162839 0.20232323 0.21813472]
							 NDCG:  [0.15033667 0.15080291 0.15621888 0.16162643 0.16612397]
2025-12-09 16:49:36,575 - 	 Epoch:   20| train time 3.359| train loss: 7.457239=0.630649+5.6e-05+6.826534
2025-12-09 16:49:37,045 - 	 Recall:[0.11473922 0.15599709 0.18430682 0.20517245 0.22126358]
							 NDCG:  [0.15294366 0.15345519 0.15889241 0.16427323 0.16890925]
2025-12-09 16:49:40,447 - 	 Epoch:   21| train time 3.402| train loss: 7.447411=0.623794+6.3e-05+6.823554
2025-12-09 16:49:40,923 - 	 Recall:[0.1165656  0.15885093 0.18660262 0.20822838 0.2251457 ]
							 NDCG:  [0.15582819 0.15627664 0.16156737 0.16708368 0.17189832]
2025-12-09 16:49:44,352 - 	 Epoch:   22| train time 3.430| train loss: 7.437252=0.616245+7e-05+6.820937
2025-12-09 16:49:44,828 - 	 Recall:[0.11841439 0.16085363 0.18930607 0.21163148 0.22855404]
							 NDCG:  [0.15920283 0.15934026 0.16448185 0.17014871 0.1749701 ]
2025-12-09 16:49:48,353 - 	 Epoch:   23| train time 3.524| train loss: 7.425975=0.607827+7.8e-05+6.818071
2025-12-09 16:49:48,830 - 	 Recall:[0.12033794 0.16342908 0.19231408 0.21520908 0.23141279]
							 NDCG:  [0.16222354 0.16220932 0.16734979 0.17317329 0.17780155]
2025-12-09 16:49:52,110 - 	 Epoch:   24| train time 3.280| train loss: 7.414485=0.598676+8.6e-05+6.815722
2025-12-09 16:49:52,596 - 	 Recall:[0.12140658 0.16600249 0.19559081 0.2175833  0.23469188]
							 NDCG:  [0.16488521 0.16486639 0.17017195 0.17547538 0.1804093 ]
2025-12-09 16:49:55,953 - 	 Epoch:   25| train time 3.357| train loss: 7.401916=0.588507+9.6e-05+6.813313
2025-12-09 16:49:56,431 - 	 Recall:[0.12235693 0.16881485 0.19796825 0.2212431  0.23855846]
							 NDCG:  [0.16762027 0.16781228 0.17278923 0.17851326 0.18338335]
2025-12-09 16:49:59,769 - 	 Epoch:   26| train time 3.338| train loss: 7.388416=0.577278+0.000108+6.81103
2025-12-09 16:50:00,239 - 	 Recall:[0.12405139 0.17072804 0.20042675 0.22262552 0.241225  ]
							 NDCG:  [0.17026448 0.16996727 0.17497897 0.18040948 0.18561612]
2025-12-09 16:50:03,871 - 	 Epoch:   27| train time 3.632| train loss: 7.373981=0.56495+0.00012+6.80891
2025-12-09 16:50:04,342 - 	 Recall:[0.12506503 0.17270598 0.20337508 0.22628432 0.24417667]
							 NDCG:  [0.17188615 0.17159225 0.17677569 0.18244252 0.18744187]
2025-12-09 16:50:07,741 - 	 Epoch:   28| train time 3.398| train loss: 7.358622=0.551511+0.000135+6.806977
2025-12-09 16:50:08,222 - 	 Recall:[0.12614808 0.17453292 0.20527051 0.22873897 0.24756037]
							 NDCG:  [0.1738019  0.17346469 0.17871232 0.18446415 0.18970367]
2025-12-09 16:50:11,551 - 	 Epoch:   29| train time 3.329| train loss: 7.342192=0.537072+0.000151+6.804969
2025-12-09 16:50:12,019 - 	 Recall:[0.127403   0.17634713 0.20808662 0.2320813  0.25054726]
							 NDCG:  [0.17575285 0.1755394  0.18089118 0.18669201 0.19188278]
2025-12-09 16:50:15,341 - 	 Epoch:   30| train time 3.322| train loss: 7.324744=0.521485+0.000169+6.803089
2025-12-09 16:50:15,806 - 	 Recall:[0.12811267 0.17817453 0.20960744 0.23465324 0.25353062]
							 NDCG:  [0.17761356 0.17725332 0.18249408 0.18857008 0.19390084]
2025-12-09 16:50:19,330 - 	 Epoch:   31| train time 3.524| train loss: 7.30659=0.504891+0.000189+6.801511
2025-12-09 16:50:19,813 - 	 Recall:[0.12898903 0.17934967 0.21141217 0.23582177 0.25568899]
							 NDCG:  [0.17903973 0.17859534 0.1839095  0.18987258 0.19546963]
2025-12-09 16:50:23,167 - 	 Epoch:   32| train time 3.354| train loss: 7.287412=0.487189+0.000211+6.800013
2025-12-09 16:50:23,631 - 	 Recall:[0.12987364 0.18021905 0.21332756 0.23772814 0.25852161]
							 NDCG:  [0.1804503  0.17972661 0.18549649 0.19138325 0.19723122]
2025-12-09 16:50:26,975 - 	 Epoch:   33| train time 3.343| train loss: 7.267597=0.468697+0.000235+6.798665
2025-12-09 16:50:27,448 - 	 Recall:[0.13041451 0.18138419 0.21479707 0.23960594 0.25974799]
							 NDCG:  [0.18139641 0.18076662 0.18655597 0.19266834 0.19833833]
2025-12-09 16:50:30,842 - 	 Epoch:   34| train time 3.394| train loss: 7.247183=0.449725+0.000262+6.797196
2025-12-09 16:50:31,310 - 	 Recall:[0.13115197 0.18225191 0.21605583 0.24112985 0.26162304]
							 NDCG:  [0.18231111 0.18173733 0.18771726 0.19390072 0.19962337]
2025-12-09 16:50:34,918 - 	 Epoch:   35| train time 3.608| train loss: 7.226638=0.430289+0.000291+6.796058
2025-12-09 16:50:35,390 - 	 Recall:[0.13131415 0.18303527 0.21723673 0.24265604 0.26295041]
							 NDCG:  [0.18276684 0.18247212 0.18851033 0.19471824 0.20049825]
2025-12-09 16:50:38,662 - 	 Epoch:   36| train time 3.271| train loss: 7.205756=0.410601+0.000322+6.794833
2025-12-09 16:50:39,133 - 	 Recall:[0.13117289 0.18380641 0.21827692 0.24324259 0.2643972 ]
							 NDCG:  [0.18311618 0.1831502  0.18924269 0.19539932 0.20140066]
2025-12-09 16:50:42,472 - 	 Epoch:   37| train time 3.339| train loss: 7.185121=0.39091+0.000355+6.793856
2025-12-09 16:50:42,945 - 	 Recall:[0.1314695  0.18449357 0.21942696 0.2452592  0.26574056]
							 NDCG:  [0.18354082 0.18379997 0.19008902 0.19642143 0.20224229]
2025-12-09 16:50:46,287 - 	 Epoch:   38| train time 3.342| train loss: 7.164605=0.371404+0.00039+6.792811
2025-12-09 16:50:46,756 - 	 Recall:[0.13188714 0.18465713 0.21945391 0.24574583 0.26711648]
							 NDCG:  [0.1837979  0.1838512  0.19008196 0.19654871 0.20268322]
2025-12-09 16:50:50,238 - 	 Epoch:   39| train time 3.482| train loss: 7.144553=0.352248+0.000427+6.791878
2025-12-09 16:50:50,698 - 	 Recall:[0.13195857 0.18451557 0.22021119 0.24678235 0.26836329]
							 NDCG:  [0.18385871 0.18409831 0.19055417 0.19717309 0.20334973]
2025-12-09 16:50:54,075 - 	 Epoch:   40| train time 3.377| train loss: 7.125349=0.333724+0.000465+6.791161
2025-12-09 16:50:54,541 - 	 Recall:[0.13231526 0.18404697 0.22040431 0.24684478 0.26861671]
							 NDCG:  [0.18397108 0.18398914 0.19067138 0.1972665  0.20357383]
2025-12-09 16:50:57,912 - 	 Epoch:   41| train time 3.370| train loss: 7.106902=0.315989+0.000505+6.790408
2025-12-09 16:50:58,369 - 	 Recall:[0.13213092 0.18448583 0.22131567 0.24805044 0.27005008]
							 NDCG:  [0.1840708  0.18437003 0.19125624 0.19796531 0.20433043]
2025-12-09 16:51:01,726 - 	 Epoch:   42| train time 3.357| train loss: 7.088791=0.298751+0.000545+6.789494
2025-12-09 16:51:02,258 - 	 Recall:[0.13264632 0.1849578  0.22155747 0.2488816  0.2701225 ]
							 NDCG:  [0.18424818 0.1846053  0.1914044  0.19827762 0.20445799]
2025-12-09 16:51:05,617 - 	 Epoch:   43| train time 3.358| train loss: 7.07241=0.282885+0.000587+6.788938
2025-12-09 16:51:06,074 - 	 Recall:[0.13248407 0.18504982 0.22192033 0.24866468 0.27072019]
							 NDCG:  [0.18395442 0.18435603 0.19129416 0.19812551 0.20443796]
2025-12-09 16:51:09,522 - 	 Epoch:   44| train time 3.448| train loss: 7.056284=0.267205+0.000629+6.78845
2025-12-09 16:51:09,997 - 	 Recall:[0.13249948 0.1854418  0.22201111 0.24848488 0.27086732]
							 NDCG:  [0.18374954 0.18440372 0.19120602 0.19800457 0.20452746]
2025-12-09 16:51:13,462 - 	 Epoch:   45| train time 3.465| train loss: 7.041596=0.25301+0.000671+6.787915
2025-12-09 16:51:13,935 - 	 Recall:[0.13224893 0.18553351 0.22215216 0.2492103  0.270913  ]
							 NDCG:  [0.18350703 0.18431417 0.19112443 0.19818571 0.20445665]
2025-12-09 16:51:17,528 - 	 Epoch:   46| train time 3.593| train loss: 7.027258=0.23908+0.000714+6.787465
2025-12-09 16:51:17,999 - 	 Recall:[0.13227677 0.18525242 0.22188649 0.24913768 0.27095351]
							 NDCG:  [0.18308334 0.18399013 0.19087678 0.19797218 0.20430057]
2025-12-09 16:51:21,520 - 	 Epoch:   47| train time 3.520| train loss: 7.01469=0.226957+0.000756+6.786977
2025-12-09 16:51:21,996 - 	 Recall:[0.13213823 0.18503128 0.2216347  0.24901746 0.27130862]
							 NDCG:  [0.18275004 0.18375468 0.19055739 0.19776895 0.20423856]
2025-12-09 16:51:25,507 - 	 Epoch:   48| train time 3.512| train loss: 7.002558=0.215258+0.000799+6.786501
2025-12-09 16:51:25,972 - 	 Recall:[0.13232759 0.18425748 0.22177887 0.24924207 0.27122158]
							 NDCG:  [0.18238196 0.18304809 0.19034992 0.19749265 0.20386495]
2025-12-09 16:51:29,452 - 	 Epoch:   49| train time 3.480| train loss: 6.991459=0.204506+0.000842+6.786112
2025-12-09 16:51:29,930 - 	 Recall:[0.13219871 0.18386249 0.22172552 0.24851944 0.27097767]
							 NDCG:  [0.18187295 0.18257927 0.19002733 0.19706157 0.20357888]
2025-12-09 16:51:33,641 - 	 Epoch:   50| train time 3.711| train loss: 6.98063=0.194107+0.000884+6.78564
2025-12-09 16:51:34,102 - 	 Recall:[0.13180429 0.18389368 0.22117652 0.24898271 0.27131552]
							 NDCG:  [0.18143402 0.1822958  0.18965964 0.19701434 0.20349935]
2025-12-09 16:51:37,602 - 	 Epoch:   51| train time 3.501| train loss: 6.971544=0.185057+0.000925+6.785562
2025-12-09 16:51:38,073 - 	 Recall:[0.13198735 0.18399849 0.22111001 0.24795016 0.27066549]
							 NDCG:  [0.1812395  0.18215446 0.18943562 0.19662053 0.20324399]
2025-12-09 16:51:41,442 - 	 Epoch:   52| train time 3.368| train loss: 6.962539=0.176272+0.000966+6.7853
2025-12-09 16:51:41,905 - 	 Recall:[0.13144167 0.18392759 0.2205103  0.2479602  0.27038793]
							 NDCG:  [0.18041881 0.18156579 0.18892131 0.19615112 0.20273737]
2025-12-09 16:51:45,296 - 	 Epoch:   53| train time 3.392| train loss: 6.954451=0.168324+0.001007+6.78512
2025-12-09 16:51:45,767 - 	 Recall:[0.13155769 0.18400413 0.22069343 0.24749389 0.27040586]
							 NDCG:  [0.18026014 0.18149752 0.18878901 0.19591167 0.20263112]
2025-12-09 16:51:49,205 - 	 Epoch:   54| train time 3.438| train loss: 6.946818=0.160922+0.001047+6.784849
2025-12-09 16:51:49,694 - 	 Recall:[0.13114139 0.18352251 0.22006226 0.24745827 0.26995559]
							 NDCG:  [0.17949931 0.18089934 0.1881901  0.19545668 0.20207025]
2025-12-09 16:51:53,073 - 	 Epoch:   55| train time 3.378| train loss: 6.939443=0.153708+0.001087+6.784648
2025-12-09 16:51:53,574 - 	 Recall:[0.13091257 0.18269328 0.21973803 0.24705198 0.26967493]
							 NDCG:  [0.17884371 0.18024883 0.18776405 0.19505836 0.20166556]
2025-12-09 16:51:56,903 - 	 Epoch:   56| train time 3.329| train loss: 6.932596=0.147132+0.001126+6.784338
2025-12-09 16:51:57,365 - 	 Recall:[0.13047321 0.18268917 0.21971766 0.24653435 0.26908275]
							 NDCG:  [0.17832972 0.17991013 0.18746173 0.19463602 0.20118241]
2025-12-09 16:51:57,373 - 	 Model training process completed.
2025-12-09 16:51:57,373 - 	 best recall epoch:45
2025-12-09 16:51:57,373 - 	 best recall:0.18553351423195097	 best ndcg:0.18431417215785845
