2025-12-11 10:43:30,381 - --------------------------------------------------
2025-12-11 10:43:30,381 - Namespace(cuda=True, dataset='yelp2018', dataset_path='./dataset/', dataset_type='.txt', early_stop=10, embedding_size=64, encoder='MF', gcn_layer=3, gpu=0, learn_rate=0.001, log='None', reg_lambda=0.0001, seed=2023, sparsity_test=0, ssl_lambda=1.0, tau=0.28, test_batch_size=2048, test_frequency=1, top_K='[10, 20, 30, 40, 50]', train_batch_size=2048, train_epoch=600)
2025-12-11 10:45:14,171 - LightCCF(
  (activation): Sigmoid()
  (user_embedding): Embedding(31668, 64)
  (item_embedding): Embedding(38048, 64)
)
2025-12-11 10:45:14,171 - Adam (
Parameter Group 0
    amsgrad: False
    betas: (0.9, 0.999)
    capturable: False
    differentiable: False
    eps: 1e-08
    foreach: None
    fused: None
    lr: 0.001
    maximize: False
    weight_decay: 0
)
2025-12-11 10:45:29,580 - 	 Epoch:    1| train time 15.409| train loss: 8.051367=0.691331+3e-06+7.360034
2025-12-11 10:45:32,454 - 	 Recall:[0.0074928  0.01637139 0.02531849 0.03387339 0.04251719]
							 NDCG:  [0.00801528 0.01177614 0.01539587 0.01866101 0.02178144]
2025-12-11 10:45:46,912 - 	 Epoch:    2| train time 14.457| train loss: 7.372059=0.686183+5e-06+6.685871
2025-12-11 10:45:49,639 - 	 Recall:[0.01440219 0.0289019  0.04292956 0.05614325 0.0685755 ]
							 NDCG:  [0.0151498  0.0212235  0.02686373 0.03186796 0.03633605]
2025-12-11 10:46:03,625 - 	 Epoch:    3| train time 13.986| train loss: 7.275897=0.681951+8e-06+6.593938
2025-12-11 10:46:06,291 - 	 Recall:[0.01943707 0.03662314 0.05317458 0.06796095 0.08222253]
							 NDCG:  [0.02035433 0.0273947  0.0339574  0.03954171 0.04464205]
2025-12-11 10:46:17,287 - 	 Epoch:    4| train time 10.996| train loss: 7.230626=0.677252+1.1e-05+6.553363
2025-12-11 10:46:18,726 - 	 Recall:[0.02294925 0.04205779 0.05947629 0.0752311  0.09026147]
							 NDCG:  [0.02418905 0.03193753 0.03883728 0.04474881 0.0501354 ]
2025-12-11 10:46:28,566 - 	 Epoch:    5| train time 9.838| train loss: 7.200839=0.671842+1.4e-05+6.528983
2025-12-11 10:46:31,314 - 	 Recall:[0.02556648 0.04684979 0.06517359 0.08188304 0.09745622]
							 NDCG:  [0.02730778 0.03585878 0.043125   0.04940555 0.05497899]
2025-12-11 10:46:45,620 - 	 Epoch:    6| train time 14.305| train loss: 7.177338=0.665557+1.8e-05+6.511763
2025-12-11 10:46:48,306 - 	 Recall:[0.02828489 0.05012994 0.06933061 0.08674212 0.10288158]
							 NDCG:  [0.03045539 0.03902172 0.04659539 0.05312658 0.05889087]
2025-12-11 10:47:03,043 - 	 Epoch:    7| train time 14.737| train loss: 7.156692=0.658183+2.3e-05+6.498486
2025-12-11 10:47:05,857 - 	 Recall:[0.03070546 0.05411702 0.07393009 0.09175676 0.10763542]
							 NDCG:  [0.03345377 0.04259594 0.05036402 0.05702911 0.06273166]
2025-12-11 10:47:20,215 - 	 Epoch:    8| train time 14.359| train loss: 7.137108=0.649434+2.8e-05+6.487646
2025-12-11 10:47:22,943 - 	 Recall:[0.03321744 0.05732371 0.07756216 0.09562846 0.11250122]
							 NDCG:  [0.03642111 0.04565788 0.0535815  0.06031054 0.06632027]
2025-12-11 10:47:37,249 - 	 Epoch:    9| train time 14.306| train loss: 7.117233=0.639015+3.5e-05+6.478183
2025-12-11 10:47:39,887 - 	 Recall:[0.03527277 0.06068403 0.08168309 0.10011732 0.11686916]
							 NDCG:  [0.03912039 0.048753   0.05694798 0.06382755 0.06980838]
2025-12-11 10:47:53,812 - 	 Epoch:   10| train time 13.926| train loss: 7.096369=0.626532+4.2e-05+6.469794
2025-12-11 10:47:56,498 - 	 Recall:[0.03717442 0.06330273 0.08522508 0.10441882 0.1215493 ]
							 NDCG:  [0.04176053 0.05147414 0.05996628 0.06711134 0.07321605]
2025-12-11 10:48:10,342 - 	 Epoch:   11| train time 13.844| train loss: 7.073571=0.611481+5.2e-05+6.462037
2025-12-11 10:48:13,107 - 	 Recall:[0.03893959 0.06565994 0.08777862 0.10760473 0.12472849]
							 NDCG:  [0.04397059 0.05372875 0.06224926 0.06960944 0.07573426]
2025-12-11 10:48:27,078 - 	 Epoch:   12| train time 13.971| train loss: 7.048584=0.593335+6.4e-05+6.455186
2025-12-11 10:48:29,714 - 	 Recall:[0.04005638 0.06776219 0.09041311 0.10951951 0.12757154]
							 NDCG:  [0.04553963 0.05560912 0.06431082 0.07139554 0.07784875]
2025-12-11 10:48:44,218 - 	 Epoch:   13| train time 14.504| train loss: 7.020234=0.571524+7.8e-05+6.448632
2025-12-11 10:48:46,988 - 	 Recall:[0.04111075 0.06923946 0.09208762 0.11172575 0.12986892]
							 NDCG:  [0.04689377 0.05698095 0.06571892 0.07299485 0.07944882]
2025-12-11 10:49:01,076 - 	 Epoch:   14| train time 14.086| train loss: 6.988223=0.54536+9.6e-05+6.442766
2025-12-11 10:49:03,715 - 	 Recall:[0.04155955 0.07006926 0.09292659 0.11329627 0.13160395]
							 NDCG:  [0.04763418 0.05781889 0.06653503 0.07406103 0.08057593]
2025-12-11 10:49:18,133 - 	 Epoch:   15| train time 14.418| train loss: 6.95231=0.514734+0.000118+6.437458
2025-12-11 10:49:20,880 - 	 Recall:[0.04163905 0.07021727 0.09352885 0.11415444 0.13260165]
							 NDCG:  [0.04775248 0.05794544 0.06685045 0.07447685 0.081034  ]
2025-12-11 10:49:35,263 - 	 Epoch:   16| train time 14.383| train loss: 6.912402=0.479685+0.000146+6.432571
2025-12-11 10:49:38,084 - 	 Recall:[0.04192659 0.07025121 0.0936268  0.11458833 0.13309161]
							 NDCG:  [0.04814301 0.05817389 0.06707799 0.07482633 0.08139656]
2025-12-11 10:49:52,178 - 	 Epoch:   17| train time 14.094| train loss: 6.86952=0.441004+0.000179+6.428338
2025-12-11 10:49:54,819 - 	 Recall:[0.04177985 0.07008711 0.09353529 0.11456596 0.13319174]
							 NDCG:  [0.04804163 0.05813306 0.0670388  0.07482092 0.08141898]
2025-12-11 10:50:08,866 - 	 Epoch:   18| train time 14.046| train loss: 6.824671=0.400026+0.000218+6.424427
2025-12-11 10:50:11,486 - 	 Recall:[0.04160981 0.07002195 0.09351939 0.11421397 0.13307488]
							 NDCG:  [0.04799444 0.05815529 0.0670903  0.0747015  0.08141215]
2025-12-11 10:50:21,257 - 	 Epoch:   19| train time 9.770| train loss: 6.779659=0.358487+0.000263+6.420909
2025-12-11 10:50:22,642 - 	 Recall:[0.04151545 0.0698017  0.09322847 0.11417512 0.13303403]
							 NDCG:  [0.04792094 0.05803697 0.06695095 0.07467234 0.0813452 ]
2025-12-11 10:50:30,283 - 	 Epoch:   20| train time 7.641| train loss: 6.736059=0.317876+0.000312+6.417871
2025-12-11 10:50:32,823 - 	 Recall:[0.04149152 0.06993566 0.09329549 0.11424808 0.13274206]
							 NDCG:  [0.04796115 0.05814906 0.06702535 0.07475057 0.08133355]
2025-12-11 10:50:46,435 - 	 Epoch:   21| train time 13.612| train loss: 6.695001=0.27969+0.000366+6.414945
2025-12-11 10:50:49,102 - 	 Recall:[0.041355   0.07004471 0.0933803  0.11446827 0.13290359]
							 NDCG:  [0.04789487 0.05812713 0.06699592 0.0747813  0.08133441]
2025-12-11 10:51:04,039 - 	 Epoch:   22| train time 14.935| train loss: 6.657931=0.245038+0.000423+6.412469
2025-12-11 10:51:06,717 - 	 Recall:[0.04141384 0.06974067 0.0933702  0.11455356 0.13318466]
							 NDCG:  [0.04792781 0.058047   0.06704378 0.07486402 0.08147545]
2025-12-11 10:51:20,827 - 	 Epoch:   23| train time 14.110| train loss: 6.624797=0.214126+0.000482+6.410189
2025-12-11 10:51:23,568 - 	 Recall:[0.04133319 0.06980132 0.09334532 0.11438465 0.13321316]
							 NDCG:  [0.04784628 0.05801183 0.06697573 0.07473997 0.08143325]
2025-12-11 10:51:37,994 - 	 Epoch:   24| train time 14.426| train loss: 6.595979=0.1874+0.000541+6.408038
2025-12-11 10:51:40,700 - 	 Recall:[0.04138405 0.06984866 0.09349273 0.11452962 0.13337343]
							 NDCG:  [0.04792767 0.05808335 0.06709651 0.0748576  0.08154272]
2025-12-11 10:51:54,932 - 	 Epoch:   25| train time 14.232| train loss: 6.570764=0.164138+0.000601+6.406025
2025-12-11 10:51:57,572 - 	 Recall:[0.04131012 0.06992228 0.09352878 0.11480819 0.13333185]
							 NDCG:  [0.04780823 0.05808682 0.06707722 0.0749297  0.08151736]
2025-12-11 10:52:11,428 - 	 Epoch:   26| train time 13.856| train loss: 6.549668=0.144578+0.00066+6.404431
2025-12-11 10:52:14,058 - 	 Recall:[0.04136799 0.06996308 0.09364534 0.11484831 0.13338558]
							 NDCG:  [0.04777191 0.05803435 0.06706304 0.07490251 0.08148001]
2025-12-11 10:52:27,729 - 	 Epoch:   27| train time 13.671| train loss: 6.531584=0.12807+0.000717+6.402797
2025-12-11 10:52:30,466 - 	 Recall:[0.04138064 0.06970731 0.09346871 0.11499189 0.13357486]
							 NDCG:  [0.04773462 0.05792281 0.06696981 0.07493951 0.08153316]
2025-12-11 10:52:30,468 - 	 Model training process completed.
2025-12-11 10:52:30,468 - 	 best recall epoch:16
2025-12-11 10:52:30,468 - 	 best recall:0.07025121136531379	 best ndcg:0.05817388896132174
